Build started 03.11.2017 00:37:47.
     1>Project "D:\2017_2018_Dersler\Güz\ObjectOrientedProgramming_LAB\Lab_2\LabExercise_2\LabExercise_2\LabExercise_2.vcxproj" on node 2 (Build target(s)).
     1>ClCompile:
         C:\Program Files (x86)\Microsoft Visual Studio 12.0\VC\bin\CL.exe /c /ZI /nologo /W3 /WX- /sdl /Od /Oy- /D _MBCS /Gm /EHsc /RTC1 /MDd /GS /fp:precise /Zc:wchar_t /Zc:forScope /Fo"Debug\\" /Fd"Debug\vc120.pdb" /Gd /TP /analyze- /errorReport:prompt Matrix.cpp MatrixTestApp.cpp
         Matrix.cpp
     1>d:\2017_2018_dersler\güz\objectorientedprogramming_lab\lab_2\labexercise_2\labexercise_2\matrix.cpp(41): warning C4101: 'j' : unreferenced local variable
     1>d:\2017_2018_dersler\güz\objectorientedprogramming_lab\lab_2\labexercise_2\labexercise_2\matrix.cpp(59): warning C4101: 'j' : unreferenced local variable
     1>d:\2017_2018_dersler\güz\objectorientedprogramming_lab\lab_2\labexercise_2\labexercise_2\matrix.cpp(91): warning C4101: 'i' : unreferenced local variable
     1>d:\2017_2018_dersler\güz\objectorientedprogramming_lab\lab_2\labexercise_2\labexercise_2\matrix.cpp(91): warning C4101: 'j' : unreferenced local variable
     1>d:\2017_2018_dersler\güz\objectorientedprogramming_lab\lab_2\labexercise_2\labexercise_2\matrix.cpp(105): warning C4101: 'i' : unreferenced local variable
     1>d:\2017_2018_dersler\güz\objectorientedprogramming_lab\lab_2\labexercise_2\labexercise_2\matrix.cpp(105): warning C4101: 'j' : unreferenced local variable
     1>d:\2017_2018_dersler\güz\objectorientedprogramming_lab\lab_2\labexercise_2\labexercise_2\matrix.cpp(128): warning C4244: '+=' : conversion from 'float' to 'int', possible loss of data
     1>d:\2017_2018_dersler\güz\objectorientedprogramming_lab\lab_2\labexercise_2\labexercise_2\matrix.cpp(130): warning C4244: '=' : conversion from 'int' to 'float', possible loss of data
         Generating Code...
         Compiling...
         MatrixTestApp.cpp
     1>d:\2017_2018_dersler\güz\objectorientedprogramming_lab\lab_2\labexercise_2\labexercise_2\matrixtestapp.cpp(122): warning C4244: '=' : conversion from 'int' to 'float', possible loss of data
     1>d:\2017_2018_dersler\güz\objectorientedprogramming_lab\lab_2\labexercise_2\labexercise_2\matrixtestapp.cpp(132): warning C4305: 'argument' : truncation from 'double' to 'float'
     1>d:\2017_2018_dersler\güz\objectorientedprogramming_lab\lab_2\labexercise_2\labexercise_2\matrixtestapp.cpp(136): warning C4305: 'argument' : truncation from 'double' to 'float'
         Generating Code...
       Link:
         C:\Program Files (x86)\Microsoft Visual Studio 12.0\VC\bin\link.exe /ERRORREPORT:PROMPT /OUT:"D:\2017_2018_Dersler\Güz\ObjectOrientedProgramming_LAB\Lab_2\LabExercise_2\Debug\LabExercise_2.exe" /INCREMENTAL /NOLOGO kernel32.lib user32.lib gdi32.lib winspool.lib comdlg32.lib advapi32.lib shell32.lib ole32.lib oleaut32.lib uuid.lib odbc32.lib odbccp32.lib /MANIFEST /MANIFESTUAC:"level='asInvoker' uiAccess='false'" /manifest:embed /DEBUG /PDB:"D:\2017_2018_Dersler\Güz\ObjectOrientedProgramming_LAB\Lab_2\LabExercise_2\Debug\LabExercise_2.pdb" /TLBID:1 /DYNAMICBASE /NXCOMPAT /IMPLIB:"D:\2017_2018_Dersler\Güz\ObjectOrientedProgramming_LAB\Lab_2\LabExercise_2\Debug\LabExercise_2.lib" /MACHINE:X86 Debug\Matrix.obj
         Debug\MatrixTestApp.obj
         LabExercise_2.vcxproj -> D:\2017_2018_Dersler\Güz\ObjectOrientedProgramming_LAB\Lab_2\LabExercise_2\Debug\LabExercise_2.exe
     1>Done Building Project "D:\2017_2018_Dersler\Güz\ObjectOrientedProgramming_LAB\Lab_2\LabExercise_2\LabExercise_2\LabExercise_2.vcxproj" (Build target(s)).

Build succeeded.

Time Elapsed 00:00:01.43
